This is e-TeX, Version 3.141592-2.1 (MiKTeX 2.4) (preloaded format=latex 2006.2.22)  5 SEP 2006 13:49
entering extended mode
**paper
(paper.tex
LaTeX2e <2003/12/01>
Babel <v3.8a> and hyphenation patterns for english, french, german, ngerman, ru
ssian, dumylang, nohyphenation, loaded.
(C:\texmf\tex\latex\base\article.cls
Document Class: article 2004/02/16 v1.4f Standard LaTeX document class
(C:\texmf\tex\latex\base\size11.clo
File: size11.clo 2004/02/16 v1.4f Standard LaTeX file (size option)
)
\c@part=\count79
\c@section=\count80
\c@subsection=\count81
\c@subsubsection=\count82
\c@paragraph=\count83
\c@subparagraph=\count84
\c@figure=\count85
\c@table=\count86
\abovecaptionskip=\skip41
\belowcaptionskip=\skip42
\bibindent=\dimen102
) (C:\texmf\tex\latex\amsmath\amsmath.sty
Package: amsmath 2000/07/18 v2.13 AMS math features
\@mathmargin=\skip43

For additional information on amsmath, use the `?' option.
(C:\texmf\tex\latex\amsmath\amstext.sty
Package: amstext 2000/06/29 v2.01
 (C:\texmf\tex\latex\amsmath\amsgen.sty
File: amsgen.sty 1999/11/30 v2.0
\@emptytoks=\toks14
\ex@=\dimen103
)) (C:\texmf\tex\latex\amsmath\amsbsy.sty
Package: amsbsy 1999/11/29 v1.2d
\pmbraise@=\dimen104
)
(C:\texmf\tex\latex\amsmath\amsopn.sty
Package: amsopn 1999/12/14 v2.01 operator names
)
\inf@bad=\count87
LaTeX Info: Redefining \frac on input line 211.
\uproot@=\count88
\leftroot@=\count89
LaTeX Info: Redefining \overline on input line 307.
\classnum@=\count90
\DOTSCASE@=\count91
LaTeX Info: Redefining \ldots on input line 379.
LaTeX Info: Redefining \dots on input line 382.
LaTeX Info: Redefining \cdots on input line 467.
\Mathstrutbox@=\box26
\strutbox@=\box27
\big@size=\dimen105
LaTeX Font Info:    Redeclaring font encoding OML on input line 567.
LaTeX Font Info:    Redeclaring font encoding OMS on input line 568.
\macc@depth=\count92
\c@MaxMatrixCols=\count93
\dotsspace@=\muskip10
\c@parentequation=\count94
\dspbrk@lvl=\count95
\tag@help=\toks15
\row@=\count96
\column@=\count97
\maxfields@=\count98
\andhelp@=\toks16
\eqnshift@=\dimen106
\alignsep@=\dimen107
\tagshift@=\dimen108
\tagwidth@=\dimen109
\totwidth@=\dimen110
\lineht@=\dimen111
\@envbody=\toks17
\multlinegap=\skip44
\multlinetaggap=\skip45
\mathdisplay@stack=\toks18
LaTeX Info: Redefining \[ on input line 2666.
LaTeX Info: Redefining \] on input line 2667.
) (C:\texmf\tex\latex\base\inputenc.sty
Package: inputenc 2004/02/05 v1.0d Input encoding file

(C:\texmf\tex\latex\cyrillic\cp866.def
File: cp866.def 1999/11/16 v1.0d Input encoding file
)) (C:\texmf\tex\generic\babel\babel.sty
Package: babel 2004/02/19 v3.8a The Babel package

(C:\texmf\tex\generic\babel\english.ldf
Language: english 2004/02/19 v3.3m English support from the babel system
 (C:\texmf\tex\generic\babel\babel.def
File: babel.def 2004/02/19 v3.8a Babel common definitions
\babel@savecnt=\count99
\U@D=\dimen112
)
\l@canadian = a dialect from \language\l@english 
) (C:\texmf\tex\generic\babel\russianb.ldf
Language: russianb 2004/02/19 v1.1o Russian support from the babel system

(C:\texmf\tex\latex\cyrillic\t2aenc.def
File: t2aenc.def 2004/01/26 v1.0g Cyrillic encoding definition file
)
Package babel Info: Making " an active character on input line 199.
)) (parall2006.sty
Package: parall2006 

(C:\texmf\tex\latex\base\ifthen.sty
Package: ifthen 2001/05/26 v1.1c Standard LaTeX ifthen package (DPC)
) (C:\texmf\tex\latex\tools\indentfirst.sty
Package: indentfirst 1995/11/23 v1.03 Indent first paragraph (DPC)
)) (C:\texmf\tex\latex\cite\cite.sty
LaTeX Info: Redefining \cite on input line 149.
LaTeX Info: Redefining \nocite on input line 214.
Package: cite 2003/11/04  v 4.01
) (C:\texmf\tex\latex\amsfonts\amsfonts.sty
Package: amsfonts 2001/10/25 v2.2f
\symAMSa=\mathgroup4
\symAMSb=\mathgroup5
LaTeX Font Info:    Overwriting math alphabet `\mathfrak' in version `bold'
(Font)                  U/euf/m/n --> U/euf/b/n on input line 132.
) (C:\texmf\tex\latex\amsfonts\amssymb.sty
Package: amssymb 2002/01/22 v2.2d
)
(C:\texmf\tex\latex\base\latexsym.sty
Package: latexsym 1998/08/17 v2.2e Standard LaTeX package (lasy symbols)
\symlasy=\mathgroup6
LaTeX Font Info:    Overwriting symbol font `lasy' in version `bold'
(Font)                  U/lasy/m/n --> U/lasy/b/n on input line 47.
)
(C:\texmf\tex\latex\graphics\graphicx.sty
Package: graphicx 1999/02/16 v1.0f Enhanced LaTeX Graphics (DPC,SPQR)

(C:\texmf\tex\latex\graphics\keyval.sty
Package: keyval 1999/03/16 v1.13 key=value parser (DPC)
\KV@toks@=\toks19
)
(C:\texmf\tex\latex\graphics\graphics.sty
Package: graphics 2001/07/07 v1.0n Standard LaTeX Graphics (DPC,SPQR)
 (C:\texmf\tex\latex\graphics\trig.sty
Package: trig 1999/03/16 v1.09 sin cos tan (DPC)
) (C:\texmf\tex\latex\00miktex\graphics.cfg
File: graphics.cfg 2003/03/12 v1.1 MiKTeX 'graphics' configuration
)
Package graphics Info: Driver file: dvips.def on input line 80.

(C:\texmf\tex\latex\graphics\dvips.def
File: dvips.def 1999/02/16 v3.0i Driver-dependant file (DPC,SPQR)
))
\Gin@req@height=\dimen113
\Gin@req@width=\dimen114
) (C:\texmf\tex\latex\srcltx\srcltx.sty
Package: srcltx 2004/10/05 v1.5 Source specials for inverse search in DVI files

\src@lastline=\count100
\src@new@everypar=\toks20
\src@new@output=\toks21
) (paper.aux
LaTeX Font Info:    Try loading font information for T2A+cmr on input line 5.
 (C:\texmf\tex\latex\cyrillic\t2acmr.fd
File: t2acmr.fd 2001/08/11 v1.0a Computer Modern Cyrillic font definitions
))
LaTeX Font Info:    Checking defaults for OML/cmm/m/it on input line 26.
LaTeX Font Info:    ... okay on input line 26.
LaTeX Font Info:    Checking defaults for T1/cmr/m/n on input line 26.
LaTeX Font Info:    ... okay on input line 26.
LaTeX Font Info:    Checking defaults for OT1/cmr/m/n on input line 26.
LaTeX Font Info:    ... okay on input line 26.
LaTeX Font Info:    Checking defaults for OMS/cmsy/m/n on input line 26.
LaTeX Font Info:    ... okay on input line 26.
LaTeX Font Info:    Checking defaults for OMX/cmex/m/n on input line 26.
LaTeX Font Info:    ... okay on input line 26.
LaTeX Font Info:    Checking defaults for U/cmr/m/n on input line 26.
LaTeX Font Info:    ... okay on input line 26.
LaTeX Font Info:    Checking defaults for T2A/cmr/m/n on input line 26.
LaTeX Font Info:    ... okay on input line 26.
LaTeX Font Info:    Try loading font information for U+msa on input line 101.

(C:\texmf\tex\latex\amsfonts\umsa.fd
File: umsa.fd 2002/01/19 v2.2g AMS font definitions
)
LaTeX Font Info:    Try loading font information for U+msb on input line 101.
 (C:\texmf\tex\latex\amsfonts\umsb.fd
File: umsb.fd 2002/01/19 v2.2g AMS font definitions
)
LaTeX Font Info:    Try loading font information for U+lasy on input line 101.

(C:\texmf\tex\latex\base\ulasy.fd
File: ulasy.fd 1998/08/17 v2.2e LaTeX symbol font definitions
)
\c@teo=\count101

Overfull \hbox (2.22482pt too wide) in paragraph at lines 126--133
\T2A/cmr/m/n/10.95 спо-соб-ные хра-нить и об-ра-ба-ты-вать пе-та-бай-ты дан-ных
 [9]. Парал-
 []

[42

] [43]
Underfull \vbox (badness 10000) has occurred while \output is active []

 [44]
[45]
File: images/DMtree.eps Graphic file (type eps)
 <images/DMtree.eps> [46]
LaTeX Font Info:    Try loading font information for U+euf on input line 298.
 (C:\texmf\tex\latex\amsfonts\ueuf.fd
File: ueuf.fd 2002/01/19 v2.2g AMS font definitions
) [47]
File: images/readop.eps Graphic file (type eps)

<images/readop.eps>
File: images/writeop.eps Graphic file (type eps)
 <images/writeop.eps>
File: images/hubpassop.eps Graphic file (type eps)
 <images/hubpassop.eps> [48]
File: images/diskpassop.eps Graphic file (type eps)

<images/diskpassop.eps>
Overfull \hbox (4.1847pt too wide) in paragraph at lines 389--392
\T2A/cmr/m/n/10.95 ви-де цик-ла, вы-пол-ня-ю-ще-го стан-дарт-ную по-сле-до-ва-т
ель-ность ша-
 []

[49] [50] [51]
File: images/pchoose.eps Graphic file (type eps)
 <images/pchoose.eps>
Underfull \hbox (badness 10000) in paragraph at lines 529--536
\T2A/cmr/m/n/10.95 ре-деление сим-мет-рич-ной мно-го-про-цес-сор-ной иерар-хии.

 []

[52] [53]
File: images/isoexample.eps Graphic file (type eps)
 <images/isoexample.eps>
Underfull \hbox (badness 10000) in paragraph at lines 578--578
[]
 []

[54] [55]
Overfull \hbox (1.22336pt too wide) in paragraph at lines 639--648
[][]\T2A/cmr/m/n/10.95 Размещение ба-зы дан-ных на уз-лах мно-го-про-цес-сор-но
й иерар-
 []

[56] [57] [58]
Overfull \hbox (18.32912pt too wide) in paragraph at lines 749--755
[][]| \T2A/cmr/m/it/10.95 Пусть$\OML/cmm/m/it/10.95 T$\T2A/cmr/m/it/10.95 ---си
мметричное$\OML/cmm/m/it/10.95 DM$\T2A/cmr/m/it/10.95 -дерево вы-со-ты$\OML/cmm
/m/it/10.95 H []\OT1/cmr/m/n/10.95 1$\T2A/cmr/m/it/10.95 . Пусть
 []

[59] [60] [61] [62]
Overfull \hbox (5.24701pt too wide) in paragraph at lines 894--900
[][]\T2A/cmr/m/it/10.95 Пусть $\OML/cmm/m/it/10.95 T$ \T2A/cmr/m/it/10.95 --- р
е-гу-ляр-ное $\OML/cmm/m/it/10.95 DM$\T2A/cmr/m/it/10.95 -дерево вы-со-ты $\OML
/cmm/m/it/10.95 H[]\OT1/cmr/m/n/10.95 1$\T2A/cmr/m/it/10.95 . Пусть
 []


Overfull \hbox (0.4257pt too wide) in paragraph at lines 905--913
[][][]  \T2A/cmr/m/n/10.95 Ор-га-ни-зу-ем кон-вей-ер-ную пе-ре-да-
 []

[63] [64] [65]
Overfull \hbox (4.3468pt too wide) in paragraph at lines 1032--1040
[][]\T2A/cmr/m/it/10.95 Пусть$\OML/cmm/m/it/10.95 T$ \T2A/cmr/m/it/10.95 --- ре
-гу-ляр-ное $\OML/cmm/m/it/10.95 DM$\T2A/cmr/m/it/10.95 -дерево вы-со-ты $\OML/
cmm/m/it/10.95 H []\OT1/cmr/m/n/10.95 1$\T2A/cmr/m/it/10.95 . Пусть
 []


Overfull \hbox (7.8418pt too wide) in paragraph at lines 1032--1040
\U/msb/m/n/10.95 F$ \T2A/cmr/m/it/10.95 --- мно-же-ство фраг-мен-тов, со-став-л
я-ю-щих ба-зу дан-ных. Пусть
 []

[66] [67]

LaTeX Warning: Command \CYRT invalid in math mode on input line 1095.

Missing character: There is no Т in font cmr10!
[68] [69]
File: images/qprocessing.eps Graphic file (type eps)
 <images/qprocessing.eps>
LaTeX Font Info:    Try loading font information for T2A+cmtt on input line 116
3.
 (C:\texmf\tex\latex\cyrillic\t2acmtt.fd
File: t2acmtt.fd 2001/08/11 v1.0a Computer Modern Cyrillic font definitions
)
[70]
Underfull \vbox (badness 5893) has occurred while \output is active []

 [71]
File: images/execplans.eps Graphic file (type eps)

<images/execplans.eps> [72] [73]
Overfull \hbox (2.98578pt too wide) in paragraph at lines 1225--1232
\T2A/cmr/m/n/10.95 парал-лель-но-го пла-на 1-го уров-ня в парал-лель-ный план 2
-го уров-
 []

[74] [75]
File: images/ConvAgent1.eps Graphic file (type eps)
 <images/ConvAgent1.eps> [76]
Underfull \vbox (badness 2735) has occurred while \output is active []

 [77]
Underfull \hbox (badness 10000) in paragraph at lines 1325--1333

 []


Overfull \hbox (1.31422pt too wide) in paragraph at lines 1341--1352
\T2A/cmr/m/n/10.95 тель-ных сис-тем. На ос-но-ве пред-ло-жен-ной моде-ли на-ми 
был спро-
 []


Overfull \hbox (3.42595pt too wide) in paragraph at lines 1353--1369
\T2A/cmr/m/n/10.95 сор-ных иерар-хи-ях. Для сим-мет-рич-ной иерар-хии пред-ло-ж
ен алго-
 []

[78]
Overfull \hbox (0.16528pt too wide) in paragraph at lines 1371--1372
[][]\T2A/cmr/m/n/10.95 Предложена но-вая мо-дель рас-парал-ле-ли-ва-ния за-про-
сов, ори-
 []

[81]
File: images/ConvAgent2.eps Graphic file (type eps)
 <images/ConvAgent2.eps> [82]
File: images/ConvAgent3.eps Graphic file (type eps)
 <images/ConvAgent3.eps> [83]
Overfull \hbox (5.28947pt too wide) in paragraph at lines 1435--1439
\T2A/cmr/m/n/10.95 1988, Los Angeles, California, USA, Proceedings. Morgan Kauf
-
 []


Overfull \hbox (0.45978pt too wide) in paragraph at lines 1441--1445
\T2A/cmr/m/n/10.95 September 1, 1988, Los Angeles, California, USA, Proceedings
.
 []

[81]
Overfull \hbox (1.98639pt too wide) in paragraph at lines 1475--1477
\T2A/cmr/m/n/10.95 Management in the Coming Decade // SIGMOD Record. 2005.
 []


Overfull \hbox (1.38922pt too wide) in paragraph at lines 1479--1484
\T2A/cmr/m/n/10.95 Database Technology --- EDBT'92, 3rd Int. Conf. on Extending

 []


Overfull \hbox (3.36356pt too wide) in paragraph at lines 1491--1496
[][]\T2A/cmr/m/it/10.95 Omiecinski E. \T2A/cmr/m/n/10.95 Performance Analysis o
f a Load Balancing Hash-
 []


Overfull \hbox (3.26454pt too wide) in paragraph at lines 1491--1496
\T2A/cmr/m/n/10.95 International Conference on Very Large Data Bases, September

 []


Underfull \vbox (badness 10000) has occurred while \output is active []

 [82]
[83] (paper.aux) ) 
Here is how much of TeX's memory you used:
 2944 strings out of 95681
 31409 string characters out of 1193215
 78948 words of memory out of 1076046
 5556 multiletter control sequences out of 35000
 23265 words of font info for 73 fonts, out of 500000 for 1000
 384 hyphenation exceptions out of 607
 29i,10n,24p,2280b,301s stack positions out of 1500i,500n,5000p,200000b,32768s

Output written on paper.dvi (43 pages, 135224 bytes).
